<?xml version="1.0" encoding="UTF-8"?>
<testng-results ignored="0" total="7" passed="6" failed="1" skipped="0">
  <reporter-output>
  </reporter-output>
  <suite started-at="2023-05-12T18:32:49 IST" name="Default suite" finished-at="2023-05-12T18:33:47 IST" duration-ms="58269">
    <groups>
    </groups>
    <test started-at="2023-05-12T18:32:49 IST" name="Default test" finished-at="2023-05-12T18:33:47 IST" duration-ms="58269">
      <class name="OrangeHrm.ToggleMenu">
        <test-method is-config="true" signature="launchBrowserAndLogin()[pri:0, instance:OrangeHrm.ToggleMenu@6631f5ca]" started-at="2023-05-12T18:32:49 IST" name="launchBrowserAndLogin" finished-at="2023-05-12T18:33:09 IST" duration-ms="20629" status="PASS">
          <reporter-output>
          </reporter-output>
        </test-method> <!-- launchBrowserAndLogin -->
        <test-method signature="Toggle()[pri:1, instance:OrangeHrm.ToggleMenu@6631f5ca]" started-at="2023-05-12T18:33:09 IST" name="Toggle" finished-at="2023-05-12T18:33:12 IST" duration-ms="2187" status="PASS">
          <reporter-output>
          </reporter-output>
        </test-method> <!-- Toggle -->
        <test-method signature="ToggleTimeFeature()[pri:2, instance:OrangeHrm.ToggleMenu@6631f5ca]" started-at="2023-05-12T18:33:12 IST" name="ToggleTimeFeature" finished-at="2023-05-12T18:33:15 IST" duration-ms="2905" status="PASS">
          <reporter-output>
          </reporter-output>
        </test-method> <!-- ToggleTimeFeature -->
        <test-method signature="SelectEmployee()[pri:3, instance:OrangeHrm.ToggleMenu@6631f5ca]" started-at="2023-05-12T18:33:15 IST" name="SelectEmployee" finished-at="2023-05-12T18:33:19 IST" duration-ms="4503" status="PASS">
          <reporter-output>
          </reporter-output>
        </test-method> <!-- SelectEmployee -->
        <test-method signature="CreateTimesheet()[pri:4, instance:OrangeHrm.ToggleMenu@6631f5ca]" started-at="2023-05-12T18:33:19 IST" name="CreateTimesheet" finished-at="2023-05-12T18:33:20 IST" duration-ms="1171" status="PASS">
          <reporter-output>
          </reporter-output>
        </test-method> <!-- CreateTimesheet -->
        <test-method signature="EditTimesheetBTN()[pri:5, instance:OrangeHrm.ToggleMenu@6631f5ca]" started-at="2023-05-12T18:33:20 IST" name="EditTimesheetBTN" finished-at="2023-05-12T18:33:25 IST" duration-ms="4347" status="PASS">
          <reporter-output>
          </reporter-output>
        </test-method> <!-- EditTimesheetBTN -->
        <test-method signature="EditTimesheetFeature()[pri:6, instance:OrangeHrm.ToggleMenu@6631f5ca]" started-at="2023-05-12T18:33:25 IST" name="EditTimesheetFeature" finished-at="2023-05-12T18:33:47 IST" duration-ms="22422" status="PASS">
          <reporter-output>
          </reporter-output>
        </test-method> <!-- EditTimesheetFeature -->
        <test-method signature="ApproveTimesheet()[pri:7, instance:OrangeHrm.ToggleMenu@6631f5ca]" started-at="2023-05-12T18:33:47 IST" name="ApproveTimesheet" finished-at="2023-05-12T18:33:47 IST" duration-ms="21" status="FAIL">
          <exception class="org.openqa.selenium.NoSuchElementException">
            <message>
              <![CDATA[no such element: Unable to locate element: {"method":"xpath","selector":"//*[@id="app"]/div[1]/div[2]/div[2]/div/div[1]/form/div[1]/div/div/div/div[2]/textarea"}
  (Session info: chrome=113.0.5672.93)
For documentation on this error, please visit: https://www.seleniumhq.org/exceptions/no_such_element.html
Build info: version: '3.141.59', revision: 'e82be7d358', time: '2018-11-14T08:25:48'
System info: host: 'LAPTOP-1UVV2VF4', ip: '192.168.1.2', os.name: 'Windows 10', os.arch: 'amd64', os.version: '10.0', java.version: '17.0.4.1'
Driver info: org.openqa.selenium.chrome.ChromeDriver
Capabilities {acceptInsecureCerts: false, browserName: chrome, browserVersion: 113.0.5672.93, chrome: {chromedriverVersion: 112.0.5615.49 (bd2a7bcb881c..., userDataDir: C:\Users\Acer\AppData\Local...}, goog:chromeOptions: {debuggerAddress: localhost:51909}, javascriptEnabled: true, networkConnectionEnabled: false, pageLoadStrategy: normal, platform: WINDOWS, platformName: WINDOWS, proxy: Proxy(), setWindowRect: true, strictFileInteractability: false, timeouts: {implicit: 0, pageLoad: 300000, script: 30000}, unhandledPromptBehavior: dismiss and notify, webauthn:extension:credBlob: true, webauthn:extension:largeBlob: true, webauthn:extension:minPinLength: true, webauthn:extension:prf: true, webauthn:virtualAuthenticators: true}
Session ID: 865a98abc2cd154af7b2a44f30a27efa
*** Element info: {Using=xpath, value=//*[@id="app"]/div[1]/div[2]/div[2]/div/div[1]/form/div[1]/div/div/div/div[2]/textarea}]]>
            </message>
            <full-stacktrace>
              <![CDATA[org.openqa.selenium.NoSuchElementException: no such element: Unable to locate element: {"method":"xpath","selector":"//*[@id="app"]/div[1]/div[2]/div[2]/div/div[1]/form/div[1]/div/div/div/div[2]/textarea"}
  (Session info: chrome=113.0.5672.93)
For documentation on this error, please visit: https://www.seleniumhq.org/exceptions/no_such_element.html
Build info: version: '3.141.59', revision: 'e82be7d358', time: '2018-11-14T08:25:48'
System info: host: 'LAPTOP-1UVV2VF4', ip: '192.168.1.2', os.name: 'Windows 10', os.arch: 'amd64', os.version: '10.0', java.version: '17.0.4.1'
Driver info: org.openqa.selenium.chrome.ChromeDriver
Capabilities {acceptInsecureCerts: false, browserName: chrome, browserVersion: 113.0.5672.93, chrome: {chromedriverVersion: 112.0.5615.49 (bd2a7bcb881c..., userDataDir: C:\Users\Acer\AppData\Local...}, goog:chromeOptions: {debuggerAddress: localhost:51909}, javascriptEnabled: true, networkConnectionEnabled: false, pageLoadStrategy: normal, platform: WINDOWS, platformName: WINDOWS, proxy: Proxy(), setWindowRect: true, strictFileInteractability: false, timeouts: {implicit: 0, pageLoad: 300000, script: 30000}, unhandledPromptBehavior: dismiss and notify, webauthn:extension:credBlob: true, webauthn:extension:largeBlob: true, webauthn:extension:minPinLength: true, webauthn:extension:prf: true, webauthn:virtualAuthenticators: true}
Session ID: 865a98abc2cd154af7b2a44f30a27efa
*** Element info: {Using=xpath, value=//*[@id="app"]/div[1]/div[2]/div[2]/div/div[1]/form/div[1]/div/div/div/div[2]/textarea}
at java.base/jdk.internal.reflect.NativeConstructorAccessorImpl.newInstance0(Native Method)
at java.base/jdk.internal.reflect.NativeConstructorAccessorImpl.newInstance(NativeConstructorAccessorImpl.java:77)
at java.base/jdk.internal.reflect.DelegatingConstructorAccessorImpl.newInstance(DelegatingConstructorAccessorImpl.java:45)
at java.base/java.lang.reflect.Constructor.newInstanceWithCaller(Constructor.java:499)
at java.base/java.lang.reflect.Constructor.newInstance(Constructor.java:480)
at org.openqa.selenium.remote.http.W3CHttpResponseCodec.createException(W3CHttpResponseCodec.java:187)
at org.openqa.selenium.remote.http.W3CHttpResponseCodec.decode(W3CHttpResponseCodec.java:122)
at org.openqa.selenium.remote.http.W3CHttpResponseCodec.decode(W3CHttpResponseCodec.java:49)
at org.openqa.selenium.remote.HttpCommandExecutor.execute(HttpCommandExecutor.java:158)
at org.openqa.selenium.remote.service.DriverCommandExecutor.execute(DriverCommandExecutor.java:83)
at org.openqa.selenium.remote.RemoteWebDriver.execute(RemoteWebDriver.java:552)
at org.openqa.selenium.remote.RemoteWebDriver.findElement(RemoteWebDriver.java:323)
at org.openqa.selenium.remote.RemoteWebDriver.findElementByXPath(RemoteWebDriver.java:428)
at org.openqa.selenium.By$ByXPath.findElement(By.java:353)
at org.openqa.selenium.remote.RemoteWebDriver.findElement(RemoteWebDriver.java:315)
at OrangeHrm.ToggleMenu.ApproveTimesheet(ToggleMenu.java:188)
at java.base/jdk.internal.reflect.NativeMethodAccessorImpl.invoke0(Native Method)
at java.base/jdk.internal.reflect.NativeMethodAccessorImpl.invoke(NativeMethodAccessorImpl.java:77)
at java.base/jdk.internal.reflect.DelegatingMethodAccessorImpl.invoke(DelegatingMethodAccessorImpl.java:43)
at java.base/java.lang.reflect.Method.invoke(Method.java:568)
at org.testng.internal.MethodInvocationHelper.invokeMethod(MethodInvocationHelper.java:133)
at org.testng.internal.TestInvoker.invokeMethod(TestInvoker.java:598)
at org.testng.internal.TestInvoker.invokeTestMethod(TestInvoker.java:173)
at org.testng.internal.MethodRunner.runInSequence(MethodRunner.java:46)
at org.testng.internal.TestInvoker$MethodInvocationAgent.invoke(TestInvoker.java:824)
at org.testng.internal.TestInvoker.invokeTestMethods(TestInvoker.java:146)
at org.testng.internal.TestMethodWorker.invokeTestMethods(TestMethodWorker.java:146)
at org.testng.internal.TestMethodWorker.run(TestMethodWorker.java:128)
at java.base/java.util.ArrayList.forEach(ArrayList.java:1511)
at org.testng.TestRunner.privateRun(TestRunner.java:794)
at org.testng.TestRunner.run(TestRunner.java:596)
at org.testng.SuiteRunner.runTest(SuiteRunner.java:377)
at org.testng.SuiteRunner.runSequentially(SuiteRunner.java:371)
at org.testng.SuiteRunner.privateRun(SuiteRunner.java:332)
at org.testng.SuiteRunner.run(SuiteRunner.java:276)
at org.testng.SuiteRunnerWorker.runSuite(SuiteRunnerWorker.java:53)
at org.testng.SuiteRunnerWorker.run(SuiteRunnerWorker.java:96)
at org.testng.TestNG.runSuitesSequentially(TestNG.java:1212)
at org.testng.TestNG.runSuitesLocally(TestNG.java:1134)
at org.testng.TestNG.runSuites(TestNG.java:1063)
at org.testng.TestNG.run(TestNG.java:1031)
at org.testng.remote.AbstractRemoteTestNG.run(AbstractRemoteTestNG.java:115)
at org.testng.remote.RemoteTestNG.initAndRun(RemoteTestNG.java:251)
at org.testng.remote.RemoteTestNG.main(RemoteTestNG.java:77)
]]>
            </full-stacktrace>
          </exception> <!-- org.openqa.selenium.NoSuchElementException -->
          <reporter-output>
          </reporter-output>
        </test-method> <!-- ApproveTimesheet -->
      </class> <!-- OrangeHrm.ToggleMenu -->
    </test> <!-- Default test -->
  </suite> <!-- Default suite -->
</testng-results>
